SF:lib\app\data\repositories\uno_body_repository.dart
DA:15,1
DA:17,1
DA:20,2
DA:21,1
DA:24,1
DA:25,1
DA:27,1
DA:28,1
DA:33,1
DA:40,0
DA:41,1
DA:42,0
DA:43,1
DA:44,3
LF:14
LH:12
end_of_record
SF:lib\app\interactor\exceptions\exceptions.dart
DA:5,1
DA:7,1
DA:9,1
DA:11,4
DA:12,1
DA:13,3
DA:16,1
DA:21,1
LF:8
LH:8
end_of_record
SF:lib\app\interactor\models\body_model.dart
DA:14,0
DA:26,0
DA:27,0
DA:30,0
LF:4
LH:0
end_of_record
SF:lib\app\interactor\models\link_model.dart
DA:10,0
LF:1
LH:0
end_of_record
